<?xml version="1.0" encoding="UTF-8"?>
<testsuite xmlns:xsi="http://www.w3.org/2001/XMLSchema-instance" xsi:noNamespaceSchemaLocation="https://maven.apache.org/surefire/maven-surefire-plugin/xsd/surefire-test-report-3.0.xsd" version="3.0" name="com.junit.examples.DatabaseConnectionTest" time="0.007" tests="2" errors="0" skipped="0" failures="0">
  <properties>
    <property name="java.specification.version" value="21"/>
    <property name="sun.cpu.isalist" value="amd64"/>
    <property name="sun.jnu.encoding" value="Cp1252"/>
    <property name="java.class.path" value="D:\BridgeLabz-SIPP-Training\JavaRegexAndJunit\JavaJunit\target\test-classes;D:\BridgeLabz-SIPP-Training\JavaRegexAndJunit\JavaJunit\target\classes;C:\Users\Asus\.m2\repository\org\junit\jupiter\junit-jupiter-engine\5.9.3\junit-jupiter-engine-5.9.3.jar;C:\Users\Asus\.m2\repository\org\junit\platform\junit-platform-engine\1.9.3\junit-platform-engine-1.9.3.jar;C:\Users\Asus\.m2\repository\org\apiguardian\apiguardian-api\1.1.2\apiguardian-api-1.1.2.jar;C:\Users\Asus\.m2\repository\org\junit\jupiter\junit-jupiter-api\5.9.3\junit-jupiter-api-5.9.3.jar;C:\Users\Asus\.m2\repository\org\opentest4j\opentest4j\1.2.0\opentest4j-1.2.0.jar;C:\Users\Asus\.m2\repository\org\junit\platform\junit-platform-commons\1.9.3\junit-platform-commons-1.9.3.jar;C:\Users\Asus\.m2\repository\org\junit\jupiter\junit-jupiter-params\5.9.3\junit-jupiter-params-5.9.3.jar;"/>
    <property name="java.vm.vendor" value="Oracle Corporation"/>
    <property name="sun.arch.data.model" value="64"/>
    <property name="user.variant" value=""/>
    <property name="java.vendor.url" value="https://java.oracle.com/"/>
    <property name="user.timezone" value="Asia/Calcutta"/>
    <property name="os.name" value="Windows 11"/>
    <property name="java.vm.specification.version" value="21"/>
    <property name="sun.java.launcher" value="SUN_STANDARD"/>
    <property name="user.country" value="US"/>
    <property name="sun.boot.library.path" value="D:\venv\java21\bin"/>
    <property name="sun.java.command" value="C:\Users\Asus\AppData\Local\Temp\surefire1795786736287753849\surefirebooter-20250809171854336_3.jar C:\Users\Asus\AppData\Local\Temp\surefire1795786736287753849 2025-08-09T17-18-53_850-jvmRun1 surefire-20250809171854336_1tmp surefire_0-20250809171854336_2tmp"/>
    <property name="jdk.debug" value="release"/>
    <property name="surefire.test.class.path" value="D:\BridgeLabz-SIPP-Training\JavaRegexAndJunit\JavaJunit\target\test-classes;D:\BridgeLabz-SIPP-Training\JavaRegexAndJunit\JavaJunit\target\classes;C:\Users\Asus\.m2\repository\org\junit\jupiter\junit-jupiter-engine\5.9.3\junit-jupiter-engine-5.9.3.jar;C:\Users\Asus\.m2\repository\org\junit\platform\junit-platform-engine\1.9.3\junit-platform-engine-1.9.3.jar;C:\Users\Asus\.m2\repository\org\apiguardian\apiguardian-api\1.1.2\apiguardian-api-1.1.2.jar;C:\Users\Asus\.m2\repository\org\junit\jupiter\junit-jupiter-api\5.9.3\junit-jupiter-api-5.9.3.jar;C:\Users\Asus\.m2\repository\org\opentest4j\opentest4j\1.2.0\opentest4j-1.2.0.jar;C:\Users\Asus\.m2\repository\org\junit\platform\junit-platform-commons\1.9.3\junit-platform-commons-1.9.3.jar;C:\Users\Asus\.m2\repository\org\junit\jupiter\junit-jupiter-params\5.9.3\junit-jupiter-params-5.9.3.jar;"/>
    <property name="sun.cpu.endian" value="little"/>
    <property name="user.home" value="C:\Users\Asus"/>
    <property name="user.language" value="en"/>
    <property name="java.specification.vendor" value="Oracle Corporation"/>
    <property name="java.version.date" value="2024-01-16"/>
    <property name="java.home" value="D:\venv\java21"/>
    <property name="file.separator" value="\"/>
    <property name="basedir" value="D:\BridgeLabz-SIPP-Training\JavaRegexAndJunit\JavaJunit"/>
    <property name="java.vm.compressedOopsMode" value="Zero based"/>
    <property name="line.separator" value="&#10;"/>
    <property name="java.vm.specification.vendor" value="Oracle Corporation"/>
    <property name="java.specification.name" value="Java Platform API Specification"/>
    <property name="surefire.real.class.path" value="C:\Users\Asus\AppData\Local\Temp\surefire1795786736287753849\surefirebooter-20250809171854336_3.jar"/>
    <property name="user.script" value=""/>
    <property name="sun.management.compiler" value="HotSpot 64-Bit Tiered Compilers"/>
    <property name="java.runtime.version" value="21.0.2+13-LTS-58"/>
    <property name="user.name" value="Asus"/>
    <property name="stdout.encoding" value="Cp1252"/>
    <property name="path.separator" value=";"/>
    <property name="os.version" value="10.0"/>
    <property name="java.runtime.name" value="Java(TM) SE Runtime Environment"/>
    <property name="file.encoding" value="UTF-8"/>
    <property name="java.vm.name" value="Java HotSpot(TM) 64-Bit Server VM"/>
    <property name="localRepository" value="C:\Users\Asus\.m2\repository"/>
    <property name="java.vendor.url.bug" value="https://bugreport.java.com/bugreport/"/>
    <property name="java.io.tmpdir" value="C:\Users\Asus\AppData\Local\Temp\"/>
    <property name="java.version" value="21.0.2"/>
    <property name="user.dir" value="D:\BridgeLabz-SIPP-Training\JavaRegexAndJunit\JavaJunit"/>
    <property name="os.arch" value="amd64"/>
    <property name="java.vm.specification.name" value="Java Virtual Machine Specification"/>
    <property name="sun.os.patch.level" value=""/>
    <property name="native.encoding" value="Cp1252"/>
    <property name="java.library.path" value="D:\venv\java21\bin;C:\WINDOWS\Sun\Java\bin;C:\WINDOWS\system32;C:\WINDOWS;D:\\venv\\java21\\bin;C:\\Users\\Asus\\.trae\\tools\\maven\\latest\\bin;C:\\Users\\Asus\\.trae\\tools\\gradle\\latest\\bin;c:\\Users\\Asus\\.trae\\sdks\\workspaces\\8c61ce11\\versions\\node\\current;c:\\Users\\Asus\\.trae\\sdks\\versions\\node\\current;D:\venv\java21\bin;C:\Users\Asus\.trae\tools\maven\latest\bin;C:\Users\Asus\.trae\tools\gradle\latest\bin;c:\Users\Asus\.trae\sdks\workspaces\8c61ce11\versions\node\current;c:\Users\Asus\.trae\sdks\versions\node\current;c:\Users\Asus\AppData\Local\Programs\cursor\resources\app\bin;C:\Program Files\Common Files\Oracle\Java\javapath;C:\Program Files (x86)\Common Files\Oracle\Java\java8path;C:\Program Files (x86)\Common Files\Oracle\Java\javapath;C:\Program Files\Java\jdk1.8.0_261\bin;C:\Program Files\Java\jre-1.8\bin;C:\Program Files (x86)\NVIDIA Corporation\PhysX\Common;C:\ProgramData\chocolatey\bin;C:\Users\Asus\AppData\Local\Programs\Python\Python312\Scripts\;C:\Program Files\apache-maven-3.9.8\bin;D:\venv\java21\bin;C:\Windows\System32;C:\Program Files\dotnet\;D:\venv\flutter\bin;C:\Program Files\NVIDIA Corporation\NVIDIA app\NvDLISR;C:\Users\Asus\AppData\Local\Pub\Cache\bin;C:\WINDOWS\system32;C:\WINDOWS;C:\WINDOWS\System32\Wbem;C:\WINDOWS\System32\WindowsPowerShell\v1.0\;C:\WINDOWS\System32\OpenSSH\;C:\Program Files\nodejs\;C:\Program Files\PostgreSQL\16\bin;C:\Program Files\MongoDB\Server\8.0\bin;C:\Users\Asus\AppData\Local\Programs\;C:\WINDOWS\system32;C:\WINDOWS;C:\WINDOWS\System32\Wbem;C:\WINDOWS\System32\WindowsPowerShell\v1.0\;C:\WINDOWS\System32\OpenSSH\;d:\venv\cursor\resources\app\bin;C:\Program Files\Git\cmd;D:\venv\sqldeveloper\sqldeveloper\bin;C:\Program Files\MySQL\MySQL Shell 8.0\bin\;C:\Users\Asus\AppData\Local\Programs\Python\Python312\Scripts\;C:\Users\Asus\AppData\Local\Programs\Python\Python312\;C:\Users\Asus\AppData\Local\Programs\Python\Launcher\;C:\Program Files\Java\jdk1.8.0_261\bin;C:\Program Files\Java\jre-1.8\bin;D:\venv\java21\bin;C:\Users\Asus\AppData\Local\Programs\Microsoft VS Code\bin;C:\Windows\System32;D:\venv\flutter\bin;C:\Users\Asus\AppData\Local\Pub\Cache\bin;C:\Users\Asus\AppData\Local\Microsoft\WindowsApps;C:\Users\Asus\AppData\Roaming\npm;C:\Program Files\MongoDB\Server\8.0\bin;C:\Users\Asus\AppData\Local\Programs\mongosh\;C:\Users\Asus\AppData\Local\Microsoft\WindowsApps;D:\venv\IntelliJ IDEA Community Edition 2025.1.2\bin;;D:\venv\sqldeveloper\sqldeveloper\bin;;."/>
    <property name="java.vm.info" value="mixed mode, sharing"/>
    <property name="stderr.encoding" value="Cp1252"/>
    <property name="java.vendor" value="Oracle Corporation"/>
    <property name="java.vm.version" value="21.0.2+13-LTS-58"/>
    <property name="sun.io.unicode.encoding" value="UnicodeLittle"/>
    <property name="java.class.version" value="65.0"/>
  </properties>
  <testcase name="testConnectionEstablished" classname="com.junit.examples.DatabaseConnectionTest" time="0.004">
    <system-out><![CDATA[Connecting to database...
Disconnecting from database...
]]></system-out>
  </testcase>
  <testcase name="testConnectionClosed" classname="com.junit.examples.DatabaseConnectionTest" time="0.001">
    <system-out><![CDATA[Connecting to database...
Disconnecting from database...
Disconnecting from database...
]]></system-out>
  </testcase>
</testsuite>